C:\USERS\22692\DESKTOP\ZJNCPP\BIOPROJ1\EX4计算加减乘除\DEBUG\BCONTROL.OBJ
C:\USERS\22692\DESKTOP\ZJNCPP\BIOPROJ1\EX4计算加减乘除\DEBUG\BFORM.OBJ
C:\USERS\22692\DESKTOP\ZJNCPP\BIOPROJ1\EX4计算加减乘除\DEBUG\BMENUITEM.OBJ
C:\USERS\22692\DESKTOP\ZJNCPP\BIOPROJ1\EX4计算加减乘除\DEBUG\BWINDOWS.OBJ
C:\USERS\22692\DESKTOP\ZJNCPP\BIOPROJ1\EX4计算加减乘除\DEBUG\BWNDBASE.OBJ
C:\Users\22692\Desktop\zjncpp\BioProj1\ex4计算加减乘除\Debug\cl.command.1.tlog
C:\Users\22692\Desktop\zjncpp\BioProj1\ex4计算加减乘除\Debug\CL.read.1.tlog
C:\Users\22692\Desktop\zjncpp\BioProj1\ex4计算加减乘除\Debug\CL.write.1.tlog
C:\USERS\22692\DESKTOP\ZJNCPP\BIOPROJ1\EX4计算加减乘除\DEBUG\EX4 计算加减乘除.EXE
C:\USERS\22692\DESKTOP\ZJNCPP\BIOPROJ1\EX4计算加减乘除\DEBUG\EX4 计算加减乘除.EXE.EMBED.MANIFEST
C:\USERS\22692\DESKTOP\ZJNCPP\BIOPROJ1\EX4计算加减乘除\DEBUG\EX4 计算加减乘除.EXE.EMBED.MANIFEST.RES
C:\USERS\22692\DESKTOP\ZJNCPP\BIOPROJ1\EX4计算加减乘除\DEBUG\EX4 计算加减乘除.EXE.INTERMEDIATE.MANIFEST
C:\USERS\22692\DESKTOP\ZJNCPP\BIOPROJ1\EX4计算加减乘除\DEBUG\EX4 计算加减乘除.ILK
C:\USERS\22692\DESKTOP\ZJNCPP\BIOPROJ1\EX4计算加减乘除\DEBUG\EX4 计算加减乘除.PDB
C:\Users\22692\Desktop\zjncpp\BioProj1\ex4计算加减乘除\Debug\ex4 计算加减乘除.vcxprojResolveAssemblyReference.cache
C:\Users\22692\Desktop\zjncpp\BioProj1\ex4计算加减乘除\Debug\ex4 计算加减乘除.write.1.tlog
C:\Users\22692\Desktop\zjncpp\BioProj1\ex4计算加减乘除\Debug\ex4 计算加减乘除_manifest.rc
C:\Users\22692\Desktop\zjncpp\BioProj1\ex4计算加减乘除\Debug\link.command.1.tlog
C:\Users\22692\Desktop\zjncpp\BioProj1\ex4计算加减乘除\Debug\link.read.1.tlog
C:\Users\22692\Desktop\zjncpp\BioProj1\ex4计算加减乘除\Debug\link.write.1.tlog
C:\Users\22692\Desktop\zjncpp\BioProj1\ex4计算加减乘除\Debug\link-cvtres.read.1.tlog
C:\Users\22692\Desktop\zjncpp\BioProj1\ex4计算加减乘除\Debug\link-cvtres.write.1.tlog
C:\USERS\22692\DESKTOP\ZJNCPP\BIOPROJ1\EX4计算加减乘除\DEBUG\MAIN.OBJ
C:\Users\22692\Desktop\zjncpp\BioProj1\ex4计算加减乘除\Debug\mt.command.1.tlog
C:\Users\22692\Desktop\zjncpp\BioProj1\ex4计算加减乘除\Debug\mt.read.1.tlog
C:\Users\22692\Desktop\zjncpp\BioProj1\ex4计算加减乘除\Debug\mt.write.1.tlog
C:\Users\22692\Desktop\zjncpp\BioProj1\ex4计算加减乘除\Debug\rc.command.1.tlog
C:\Users\22692\Desktop\zjncpp\BioProj1\ex4计算加减乘除\Debug\rc.read.1.tlog
C:\Users\22692\Desktop\zjncpp\BioProj1\ex4计算加减乘除\Debug\rc.write.1.tlog
C:\USERS\22692\DESKTOP\ZJNCPP\BIOPROJ1\EX4计算加减乘除\DEBUG\TEMPLATE.RES
C:\Users\22692\Desktop\zjncpp\BioProj1\ex4计算加减乘除\Debug\vc100.idb
C:\USERS\22692\DESKTOP\ZJNCPP\BIOPROJ1\EX4计算加减乘除\DEBUG\VC100.PDB
