生成启动时间为 2025/11/11 19:27:24。
     1>项目“C:\Users\22692\Desktop\zjncpp\BioProj1\ex6解一元二次方程\ex6解一元二次方程.vcxproj”在节点 2 上(build 个目标)。
     1>InitializeBuildStatus:
         正在创建“Debug\ex6解一元二次方程.unsuccessfulbuild”，因为已指定“AlwaysCreate”。
       ClCompile:
         所有输出均为最新。
       ResourceCompile:
         C:\Program Files (x86)\Microsoft SDKs\Windows\v7.0A\bin\rc.exe /D _UNICODE /D UNICODE /l"0x0409" /nologo /fo"Debug\template.res" template.rc 
       ManifestResourceCompile:
         所有输出均为最新。
       Link:
         C:\Program Files (x86)\Microsoft Visual Studio 10.0\VC\bin\link.exe /ERRORREPORT:PROMPT /OUT:"C:\Users\22692\Desktop\zjncpp\BioProj1\ex6解一元二次方程\Debug\ex6解一元二次方程.exe" /INCREMENTAL /NOLOGO kernel32.lib user32.lib gdi32.lib winspool.lib comdlg32.lib advapi32.lib shell32.lib ole32.lib oleaut32.lib uuid.lib odbc32.lib odbccp32.lib /MANIFEST /ManifestFile:"Debug\ex6解一元二次方程.exe.intermediate.manifest" /MANIFESTUAC:"level='asInvoker' uiAccess='false'" /DEBUG /PDB:"C:\Users\22692\Desktop\zjncpp\BioProj1\ex6解一元二次方程\Debug\ex6解一元二次方程.pdb" /SUBSYSTEM:WINDOWS /TLBID:1 /DYNAMICBASE /NXCOMPAT /IMPLIB:"C:\Users\22692\Desktop\zjncpp\BioProj1\ex6解一元二次方程\Debug\ex6解一元二次方程.lib" /MACHINE:X86 Debug\template.res
         "Debug\ex6解一元二次方程.exe.embed.manifest.res"
         Debug\BControl.obj
         Debug\BForm.obj
         Debug\BMenuItem.obj
         Debug\BWindows.obj
         Debug\BWndBase.obj
         Debug\main.obj
       Manifest:
         C:\Program Files (x86)\Microsoft SDKs\Windows\v7.0A\bin\mt.exe /nologo /verbose /out:"Debug\ex6解一元二次方程.exe.embed.manifest" /manifest XpStyles.exe.manifest "Debug\ex6解一元二次方程.exe.intermediate.manifest"
         所有输出均为最新。
       LinkEmbedManifest:
         所有输出均为最新。
         ex6解一元二次方程.vcxproj -> C:\Users\22692\Desktop\zjncpp\BioProj1\ex6解一元二次方程\Debug\ex6解一元二次方程.exe
       FinalizeBuildStatus:
         正在删除文件“Debug\ex6解一元二次方程.unsuccessfulbuild”。
         正在对“Debug\ex6解一元二次方程.lastbuildstate”执行 Touch 任务。
     1>已完成生成项目“C:\Users\22692\Desktop\zjncpp\BioProj1\ex6解一元二次方程\ex6解一元二次方程.vcxproj”(build 个目标)的操作。

生成成功。

已用时间 00:00:00.32
