C:\USERS\22692\DESKTOP\ZJNCPP\EX9DIJKSTRA\DEBUG\BCONTROL.OBJ
C:\USERS\22692\DESKTOP\ZJNCPP\EX9DIJKSTRA\DEBUG\BDIJKSTRA.OBJ
C:\USERS\22692\DESKTOP\ZJNCPP\EX9DIJKSTRA\DEBUG\BFORM.OBJ
C:\USERS\22692\DESKTOP\ZJNCPP\EX9DIJKSTRA\DEBUG\BMENUITEM.OBJ
C:\USERS\22692\DESKTOP\ZJNCPP\EX9DIJKSTRA\DEBUG\BREADLINESEX.OBJ
C:\USERS\22692\DESKTOP\ZJNCPP\EX9DIJKSTRA\DEBUG\BWINDOWS.OBJ
C:\USERS\22692\DESKTOP\ZJNCPP\EX9DIJKSTRA\DEBUG\BWNDBASE.OBJ
C:\Users\22692\Desktop\zjncpp\ex9Dijkstra\Debug\cl.command.1.tlog
C:\Users\22692\Desktop\zjncpp\ex9Dijkstra\Debug\CL.read.1.tlog
C:\Users\22692\Desktop\zjncpp\ex9Dijkstra\Debug\CL.write.1.tlog
C:\USERS\22692\DESKTOP\ZJNCPP\EX9DIJKSTRA\DEBUG\EX9DIJKSTRA.EXE
C:\USERS\22692\DESKTOP\ZJNCPP\EX9DIJKSTRA\DEBUG\EX9DIJKSTRA.EXE.EMBED.MANIFEST
C:\USERS\22692\DESKTOP\ZJNCPP\EX9DIJKSTRA\DEBUG\EX9DIJKSTRA.EXE.EMBED.MANIFEST.RES
C:\USERS\22692\DESKTOP\ZJNCPP\EX9DIJKSTRA\DEBUG\EX9DIJKSTRA.EXE.INTERMEDIATE.MANIFEST
C:\USERS\22692\DESKTOP\ZJNCPP\EX9DIJKSTRA\DEBUG\EX9DIJKSTRA.ILK
C:\USERS\22692\DESKTOP\ZJNCPP\EX9DIJKSTRA\DEBUG\EX9DIJKSTRA.PDB
C:\Users\22692\Desktop\zjncpp\ex9Dijkstra\Debug\ex9Dijkstra.write.1.tlog
C:\Users\22692\Desktop\zjncpp\ex9Dijkstra\Debug\ex9Dijkstra_manifest.rc
C:\Users\22692\Desktop\zjncpp\ex9Dijkstra\Debug\link.command.1.tlog
C:\Users\22692\Desktop\zjncpp\ex9Dijkstra\Debug\link.read.1.tlog
C:\Users\22692\Desktop\zjncpp\ex9Dijkstra\Debug\link.write.1.tlog
C:\Users\22692\Desktop\zjncpp\ex9Dijkstra\Debug\link-cvtres.read.1.tlog
C:\Users\22692\Desktop\zjncpp\ex9Dijkstra\Debug\link-cvtres.write.1.tlog
C:\USERS\22692\DESKTOP\ZJNCPP\EX9DIJKSTRA\DEBUG\MAIN.OBJ
C:\Users\22692\Desktop\zjncpp\ex9Dijkstra\Debug\mt.command.1.tlog
C:\Users\22692\Desktop\zjncpp\ex9Dijkstra\Debug\mt.read.1.tlog
C:\Users\22692\Desktop\zjncpp\ex9Dijkstra\Debug\mt.write.1.tlog
C:\Users\22692\Desktop\zjncpp\ex9Dijkstra\Debug\rc.command.1.tlog
C:\Users\22692\Desktop\zjncpp\ex9Dijkstra\Debug\rc.read.1.tlog
C:\Users\22692\Desktop\zjncpp\ex9Dijkstra\Debug\rc.write.1.tlog
C:\USERS\22692\DESKTOP\ZJNCPP\EX9DIJKSTRA\DEBUG\TEMPLATE.RES
C:\Users\22692\Desktop\zjncpp\ex9Dijkstra\Debug\vc100.idb
C:\USERS\22692\DESKTOP\ZJNCPP\EX9DIJKSTRA\DEBUG\VC100.PDB
