生成启动时间为 2025/11/11 16:44:35。
     1>项目“C:\Users\22692\Desktop\zjncpp\BioProj1\ex5判断素数\ex5判断素数.vcxproj”在节点 2 上(build 个目标)。
     1>InitializeBuildStatus:
         正在创建“Debug\ex5判断素数.unsuccessfulbuild”，因为已指定“AlwaysCreate”。
       ClCompile:
         C:\Program Files (x86)\Microsoft Visual Studio 10.0\VC\bin\CL.exe /c /ZI /nologo /W3 /WX- /Od /Oy- /D WIN32 /D _DEBUG /D _WINDOWS /D _UNICODE /D UNICODE /Gm /EHsc /RTC1 /MTd /GS /fp:precise /Zc:wchar_t /Zc:forScope /Fo"Debug\\" /Fd"Debug\vc100.pdb" /Gd /TP /analyze- /errorReport:prompt main.cpp
         main.cpp
       ResourceCompile:
         所有输出均为最新。
       ManifestResourceCompile:
         所有输出均为最新。
       Link:
         C:\Program Files (x86)\Microsoft Visual Studio 10.0\VC\bin\link.exe /ERRORREPORT:PROMPT /OUT:"C:\Users\22692\Desktop\zjncpp\BioProj1\ex5判断素数\Debug\ex5判断素数.exe" /INCREMENTAL /NOLOGO kernel32.lib user32.lib gdi32.lib winspool.lib comdlg32.lib advapi32.lib shell32.lib ole32.lib oleaut32.lib uuid.lib odbc32.lib odbccp32.lib /MANIFEST /ManifestFile:"Debug\ex5判断素数.exe.intermediate.manifest" /MANIFESTUAC:"level='asInvoker' uiAccess='false'" /DEBUG /PDB:"C:\Users\22692\Desktop\zjncpp\BioProj1\ex5判断素数\Debug\ex5判断素数.pdb" /SUBSYSTEM:WINDOWS /TLBID:1 /DYNAMICBASE /NXCOMPAT /IMPLIB:"C:\Users\22692\Desktop\zjncpp\BioProj1\ex5判断素数\Debug\ex5判断素数.lib" /MACHINE:X86 Debug\template.res
         "Debug\ex5判断素数.exe.embed.manifest.res"
         Debug\BControl.obj
         Debug\BForm.obj
         Debug\BMenuItem.obj
         Debug\BWindows.obj
         Debug\BWndBase.obj
         Debug\main.obj
       Manifest:
         C:\Program Files (x86)\Microsoft SDKs\Windows\v7.0A\bin\mt.exe /nologo /verbose /out:"Debug\ex5判断素数.exe.embed.manifest" /manifest XpStyles.exe.manifest "Debug\ex5判断素数.exe.intermediate.manifest"
         所有输出均为最新。
       LinkEmbedManifest:
         所有输出均为最新。
         ex5判断素数.vcxproj -> C:\Users\22692\Desktop\zjncpp\BioProj1\ex5判断素数\Debug\ex5判断素数.exe
       FinalizeBuildStatus:
         正在删除文件“Debug\ex5判断素数.unsuccessfulbuild”。
         正在对“Debug\ex5判断素数.lastbuildstate”执行 Touch 任务。
     1>已完成生成项目“C:\Users\22692\Desktop\zjncpp\BioProj1\ex5判断素数\ex5判断素数.vcxproj”(build 个目标)的操作。

生成成功。

已用时间 00:00:01.72
