生成启动时间为 2025/11/10 22:37:05。
     1>项目“C:\Users\22692\Desktop\zjncpp\BioProj1\【第5讲素材】有错的计算器程序\按钮式计算器.vcxproj”在节点 2 上(build 个目标)。
     1>InitializeBuildStatus:
         正在创建“Debug\按钮式计算器.unsuccessfulbuild”，因为已指定“AlwaysCreate”。
       ClCompile:
         C:\Program Files (x86)\Microsoft Visual Studio 10.0\VC\bin\CL.exe /c /ZI /nologo /W3 /WX- /Od /Oy- /D WIN32 /D _DEBUG /D _WINDOWS /D _UNICODE /D UNICODE /Gm /EHsc /RTC1 /MTd /GS /fp:precise /Zc:wchar_t /Zc:forScope /Fo"Debug\\" /Fd"Debug\vc100.pdb" /Gd /TP /analyze- /errorReport:prompt BControl.cpp BForm.cpp BMenuItem.cpp BWindows.cpp BWndBase.cpp main.cpp
         main.cpp
         BWndBase.cpp
         BWindows.cpp
         BMenuItem.cpp
         BForm.cpp
     1>c:\users\22692\desktop\zjncpp\bioproj1\【第5讲素材】有错的计算器程序\bform.cpp(964): warning C4554: “&”: 检查运算符优先级可能存在的错误；使用圆括号阐明优先级
         BControl.cpp
         正在生成代码...
       ResourceCompile:
         C:\Program Files (x86)\Microsoft SDKs\Windows\v7.0A\bin\rc.exe /D _UNICODE /D UNICODE /l"0x0409" /nologo /fo"Debug\template.res" template.rc 
       ManifestResourceCompile:
         C:\Program Files (x86)\Microsoft SDKs\Windows\v7.0A\bin\rc.exe /nologo /fo"Debug\按钮式计算器.exe.embed.manifest.res" "Debug\按钮式计算器_manifest.rc" 
       Link:
         C:\Program Files (x86)\Microsoft Visual Studio 10.0\VC\bin\link.exe /ERRORREPORT:PROMPT /OUT:"C:\Users\22692\Desktop\zjncpp\BioProj1\【第5讲素材】有错的计算器程序\Debug\按钮式计算器.exe" /INCREMENTAL /NOLOGO kernel32.lib user32.lib gdi32.lib winspool.lib comdlg32.lib advapi32.lib shell32.lib ole32.lib oleaut32.lib uuid.lib odbc32.lib odbccp32.lib /MANIFEST /ManifestFile:"Debug\按钮式计算器.exe.intermediate.manifest" /MANIFESTUAC:"level='asInvoker' uiAccess='false'" /DEBUG /PDB:"C:\Users\22692\Desktop\zjncpp\BioProj1\【第5讲素材】有错的计算器程序\Debug\按钮式计算器.pdb" /SUBSYSTEM:WINDOWS /TLBID:1 /DYNAMICBASE /NXCOMPAT /IMPLIB:"C:\Users\22692\Desktop\zjncpp\BioProj1\【第5讲素材】有错的计算器程序\Debug\按钮式计算器.lib" /MACHINE:X86 Debug\template.res
         "Debug\按钮式计算器.exe.embed.manifest.res"
         Debug\BControl.obj
         Debug\BForm.obj
         Debug\BMenuItem.obj
         Debug\BWindows.obj
         Debug\BWndBase.obj
         Debug\main.obj
       Manifest:
         C:\Program Files (x86)\Microsoft SDKs\Windows\v7.0A\bin\mt.exe /nologo /verbose /out:"Debug\按钮式计算器.exe.embed.manifest" /manifest XpStyles.exe.manifest "Debug\按钮式计算器.exe.intermediate.manifest"
         C:\Program Files (x86)\Microsoft SDKs\Windows\v7.0A\bin\rc.exe /nologo /fo"Debug\按钮式计算器.exe.embed.manifest.res" "Debug\按钮式计算器_manifest.rc" 
       LinkEmbedManifest:
         C:\Program Files (x86)\Microsoft Visual Studio 10.0\VC\bin\link.exe /ERRORREPORT:PROMPT /OUT:"C:\Users\22692\Desktop\zjncpp\BioProj1\【第5讲素材】有错的计算器程序\Debug\按钮式计算器.exe" /INCREMENTAL /NOLOGO kernel32.lib user32.lib gdi32.lib winspool.lib comdlg32.lib advapi32.lib shell32.lib ole32.lib oleaut32.lib uuid.lib odbc32.lib odbccp32.lib /MANIFEST /ManifestFile:"Debug\按钮式计算器.exe.intermediate.manifest" /MANIFESTUAC:"level='asInvoker' uiAccess='false'" /DEBUG /PDB:"C:\Users\22692\Desktop\zjncpp\BioProj1\【第5讲素材】有错的计算器程序\Debug\按钮式计算器.pdb" /SUBSYSTEM:WINDOWS /TLBID:1 /DYNAMICBASE /NXCOMPAT /IMPLIB:"C:\Users\22692\Desktop\zjncpp\BioProj1\【第5讲素材】有错的计算器程序\Debug\按钮式计算器.lib" /MACHINE:X86 Debug\template.res
         "Debug\按钮式计算器.exe.embed.manifest.res"
         Debug\BControl.obj
         Debug\BForm.obj
         Debug\BMenuItem.obj
         Debug\BWindows.obj
         Debug\BWndBase.obj
         Debug\main.obj
         按钮式计算器.vcxproj -> C:\Users\22692\Desktop\zjncpp\BioProj1\【第5讲素材】有错的计算器程序\Debug\按钮式计算器.exe
       FinalizeBuildStatus:
         正在删除文件“Debug\按钮式计算器.unsuccessfulbuild”。
         正在对“Debug\按钮式计算器.lastbuildstate”执行 Touch 任务。
     1>已完成生成项目“C:\Users\22692\Desktop\zjncpp\BioProj1\【第5讲素材】有错的计算器程序\按钮式计算器.vcxproj”(build 个目标)的操作。

生成成功。

已用时间 00:00:05.52
