生成启动时间为 2025/12/7 22:41:58。
     1>项目“C:\Users\22692\Desktop\zjncpp\PPI\PPI.vcxproj”在节点 2 上(rebuild 个目标)。
     1>_PrepareForClean:
         正在删除文件“Debug\PPI.lastbuildstate”。
       InitializeBuildStatus:
         正在创建“Debug\PPI.unsuccessfulbuild”，因为已指定“AlwaysCreate”。
       ClCompile:
         C:\Program Files (x86)\Microsoft Visual Studio 10.0\VC\bin\CL.exe /c /ZI /nologo /W3 /WX- /Od /Oy- /D WIN32 /D _DEBUG /D _WINDOWS /D _UNICODE /D UNICODE /Gm /EHsc /RTC1 /MTd /GS /fp:precise /Zc:wchar_t /Zc:forScope /Fo"Debug\\" /Fd"Debug\vc100.pdb" /Gd /TP /analyze- /errorReport:prompt BADO.cpp BControl.cpp BForm.cpp BMenuItem.cpp BWindows.cpp BWndBase.cpp main.cpp
         main.cpp
         BWndBase.cpp
         BWindows.cpp
         BMenuItem.cpp
         BForm.cpp
         BControl.cpp
         BADO.cpp
         正在生成代码...
       ResourceCompile:
         C:\Program Files (x86)\Microsoft SDKs\Windows\v7.0A\bin\rc.exe /D _UNICODE /D UNICODE /l"0x0409" /nologo /fo"Debug\template.res" template.rc 
       ManifestResourceCompile:
         C:\Program Files (x86)\Microsoft SDKs\Windows\v7.0A\bin\rc.exe /nologo /fo"Debug\PPI.exe.embed.manifest.res" Debug\PPI_manifest.rc 
       Link:
         C:\Program Files (x86)\Microsoft Visual Studio 10.0\VC\bin\link.exe /ERRORREPORT:PROMPT /OUT:"C:\Users\22692\Desktop\zjncpp\PPI\Debug\PPI.exe" /INCREMENTAL /NOLOGO kernel32.lib user32.lib gdi32.lib winspool.lib comdlg32.lib advapi32.lib shell32.lib ole32.lib oleaut32.lib uuid.lib odbc32.lib odbccp32.lib /MANIFEST /ManifestFile:"Debug\PPI.exe.intermediate.manifest" /MANIFESTUAC:"level='asInvoker' uiAccess='false'" /DEBUG /PDB:"C:\Users\22692\Desktop\zjncpp\PPI\Debug\PPI.pdb" /SUBSYSTEM:WINDOWS /TLBID:1 /DYNAMICBASE /NXCOMPAT /IMPLIB:"C:\Users\22692\Desktop\zjncpp\PPI\Debug\PPI.lib" /MACHINE:X86 Debug\template.res
         Debug\PPI.exe.embed.manifest.res
         Debug\BADO.obj
         Debug\BControl.obj
         Debug\BForm.obj
         Debug\BMenuItem.obj
         Debug\BWindows.obj
         Debug\BWndBase.obj
         Debug\main.obj
       Manifest:
         正在删除文件“Debug\PPI.exe.embed.manifest”。
         C:\Program Files (x86)\Microsoft SDKs\Windows\v7.0A\bin\mt.exe /nologo /verbose /out:"Debug\PPI.exe.embed.manifest" /manifest Debug\PPI.exe.intermediate.manifest
         C:\Program Files (x86)\Microsoft SDKs\Windows\v7.0A\bin\rc.exe /nologo /fo"Debug\PPI.exe.embed.manifest.res" Debug\PPI_manifest.rc 
       LinkEmbedManifest:
         C:\Program Files (x86)\Microsoft Visual Studio 10.0\VC\bin\link.exe /ERRORREPORT:PROMPT /OUT:"C:\Users\22692\Desktop\zjncpp\PPI\Debug\PPI.exe" /INCREMENTAL /NOLOGO kernel32.lib user32.lib gdi32.lib winspool.lib comdlg32.lib advapi32.lib shell32.lib ole32.lib oleaut32.lib uuid.lib odbc32.lib odbccp32.lib /MANIFEST /ManifestFile:"Debug\PPI.exe.intermediate.manifest" /MANIFESTUAC:"level='asInvoker' uiAccess='false'" /DEBUG /PDB:"C:\Users\22692\Desktop\zjncpp\PPI\Debug\PPI.pdb" /SUBSYSTEM:WINDOWS /TLBID:1 /DYNAMICBASE /NXCOMPAT /IMPLIB:"C:\Users\22692\Desktop\zjncpp\PPI\Debug\PPI.lib" /MACHINE:X86 Debug\template.res
         Debug\PPI.exe.embed.manifest.res
         Debug\BADO.obj
         Debug\BControl.obj
         Debug\BForm.obj
         Debug\BMenuItem.obj
         Debug\BWindows.obj
         Debug\BWndBase.obj
         Debug\main.obj
         PPI.vcxproj -> C:\Users\22692\Desktop\zjncpp\PPI\Debug\PPI.exe
       FinalizeBuildStatus:
         正在删除文件“Debug\PPI.unsuccessfulbuild”。
         正在对“Debug\PPI.lastbuildstate”执行 Touch 任务。
     1>已完成生成项目“C:\Users\22692\Desktop\zjncpp\PPI\PPI.vcxproj”(rebuild 个目标)的操作。

生成成功。

已用时间 00:00:06.45
