C:\USERS\22692\DESKTOP\ZJNCPP\PPI\DEBUG\BADO.OBJ
C:\USERS\22692\DESKTOP\ZJNCPP\PPI\DEBUG\BCONTROL.OBJ
C:\USERS\22692\DESKTOP\ZJNCPP\PPI\DEBUG\BFORM.OBJ
C:\USERS\22692\DESKTOP\ZJNCPP\PPI\DEBUG\BMENUITEM.OBJ
C:\USERS\22692\DESKTOP\ZJNCPP\PPI\DEBUG\BWINDOWS.OBJ
C:\USERS\22692\DESKTOP\ZJNCPP\PPI\DEBUG\BWNDBASE.OBJ
C:\Users\22692\Desktop\zjncpp\PPI\Debug\cl.command.1.tlog
C:\Users\22692\Desktop\zjncpp\PPI\Debug\CL.read.1.tlog
C:\Users\22692\Desktop\zjncpp\PPI\Debug\CL.write.1.tlog
C:\Users\22692\Desktop\zjncpp\PPI\Debug\link.command.1.tlog
C:\Users\22692\Desktop\zjncpp\PPI\Debug\link.read.1.tlog
C:\Users\22692\Desktop\zjncpp\PPI\Debug\link.write.1.tlog
C:\Users\22692\Desktop\zjncpp\PPI\Debug\link-cvtres.read.1.tlog
C:\Users\22692\Desktop\zjncpp\PPI\Debug\link-cvtres.write.1.tlog
C:\USERS\22692\DESKTOP\ZJNCPP\PPI\DEBUG\MAIN.OBJ
C:\Users\22692\Desktop\zjncpp\PPI\Debug\msado15.tlh
C:\Users\22692\Desktop\zjncpp\PPI\Debug\msado15.tli
C:\Users\22692\Desktop\zjncpp\PPI\Debug\mt.command.1.tlog
C:\Users\22692\Desktop\zjncpp\PPI\Debug\mt.read.1.tlog
C:\Users\22692\Desktop\zjncpp\PPI\Debug\mt.write.1.tlog
C:\USERS\22692\DESKTOP\ZJNCPP\PPI\DEBUG\PPI.EXE
C:\USERS\22692\DESKTOP\ZJNCPP\PPI\DEBUG\PPI.EXE.EMBED.MANIFEST
C:\USERS\22692\DESKTOP\ZJNCPP\PPI\DEBUG\PPI.EXE.EMBED.MANIFEST.RES
C:\USERS\22692\DESKTOP\ZJNCPP\PPI\DEBUG\PPI.EXE.INTERMEDIATE.MANIFEST
C:\USERS\22692\DESKTOP\ZJNCPP\PPI\DEBUG\PPI.ILK
C:\USERS\22692\DESKTOP\ZJNCPP\PPI\DEBUG\PPI.PDB
C:\Users\22692\Desktop\zjncpp\PPI\Debug\PPI.write.1.tlog
C:\Users\22692\Desktop\zjncpp\PPI\Debug\PPI_manifest.rc
C:\Users\22692\Desktop\zjncpp\PPI\Debug\rc.command.1.tlog
C:\Users\22692\Desktop\zjncpp\PPI\Debug\rc.read.1.tlog
C:\Users\22692\Desktop\zjncpp\PPI\Debug\rc.write.1.tlog
C:\USERS\22692\DESKTOP\ZJNCPP\PPI\DEBUG\TEMPLATE.RES
C:\Users\22692\Desktop\zjncpp\PPI\Debug\vc100.idb
C:\USERS\22692\DESKTOP\ZJNCPP\PPI\DEBUG\VC100.PDB
